1601256305.544311 client started (86264): version 3.0a, socket /tmp//tmux-1000/default, protocol 8
1601256305.544371 on Linux 5.4.0-48-generic #52-Ubuntu SMP Thu Sep 10 10:58:49 UTC 2020; libevent 2.1.11-stable (poll)
1601256305.544427 socket is /tmp//tmux-1000/default
1601256305.544461 trying connect
1601256305.544509 connect failed: No such file or directory
1601256305.544540 lock file is /tmp//tmux-1000/default.lock
1601256305.544605 flock succeeded
1601256305.544623 got lock (6)
1601256305.544645 trying connect
1601256305.544675 connect failed: No such file or directory
1601256305.545184 add peer 0x558908001b40: 7 ((nil))
1601256305.545694 sending message 100 to peer 0x558908001b40 (4 bytes)
1601256305.545733 sending message 101 to peer 0x558908001b40 (15 bytes)
1601256305.545755 sending message 102 to peer 0x558908001b40 (12 bytes)
1601256305.545773 sending message 108 to peer 0x558908001b40 (50 bytes)
1601256305.545794 sending message 104 to peer 0x558908001b40 (0 bytes)
1601256305.545815 sending message 107 to peer 0x558908001b40 (4 bytes)
1601256305.545834 sending message 105 to peer 0x558908001b40 (33 bytes)
1601256305.545852 sending message 105 to peer 0x558908001b40 (41 bytes)
1601256305.545870 sending message 105 to peer 0x558908001b40 (98 bytes)
1601256305.545889 sending message 105 to peer 0x558908001b40 (86 bytes)
1601256305.545908 sending message 105 to peer 0x558908001b40 (17 bytes)
1601256305.545926 sending message 105 to peer 0x558908001b40 (33 bytes)
1601256305.545947 sending message 105 to peer 0x558908001b40 (19 bytes)
1601256305.545964 sending message 105 to peer 0x558908001b40 (30 bytes)
1601256305.545981 sending message 105 to peer 0x558908001b40 (51 bytes)
1601256305.545999 sending message 105 to peer 0x558908001b40 (23 bytes)
1601256305.546051 sending message 105 to peer 0x558908001b40 (20 bytes)
1601256305.546073 sending message 105 to peer 0x558908001b40 (18 bytes)
1601256305.546093 sending message 105 to peer 0x558908001b40 (52 bytes)
1601256305.546111 sending message 105 to peer 0x558908001b40 (23 bytes)
1601256305.546128 sending message 105 to peer 0x558908001b40 (24 bytes)
1601256305.546146 sending message 105 to peer 0x558908001b40 (23 bytes)
1601256305.546166 sending message 105 to peer 0x558908001b40 (12 bytes)
1601256305.546185 sending message 105 to peer 0x558908001b40 (54 bytes)
1601256305.546204 sending message 105 to peer 0x558908001b40 (27 bytes)
1601256305.546223 sending message 105 to peer 0x558908001b40 (18 bytes)
1601256305.546243 sending message 105 to peer 0x558908001b40 (54 bytes)
1601256305.546261 sending message 105 to peer 0x558908001b40 (23 bytes)
1601256305.546281 sending message 105 to peer 0x558908001b40 (28 bytes)
1601256305.546301 sending message 105 to peer 0x558908001b40 (16 bytes)
1601256305.546320 sending message 105 to peer 0x558908001b40 (13 bytes)
1601256305.546338 sending message 105 to peer 0x558908001b40 (27 bytes)
1601256305.546356 sending message 105 to peer 0x558908001b40 (23 bytes)
1601256305.546375 sending message 105 to peer 0x558908001b40 (19 bytes)
1601256305.546396 sending message 105 to peer 0x558908001b40 (44 bytes)
1601256305.546416 sending message 105 to peer 0x558908001b40 (16 bytes)
1601256305.546439 sending message 105 to peer 0x558908001b40 (20 bytes)
1601256305.546459 sending message 105 to peer 0x558908001b40 (54 bytes)
1601256305.546480 sending message 105 to peer 0x558908001b40 (85 bytes)
1601256305.546500 sending message 105 to peer 0x558908001b40 (29 bytes)
1601256305.546519 sending message 105 to peer 0x558908001b40 (21 bytes)
1601256305.546537 sending message 105 to peer 0x558908001b40 (18 bytes)
1601256305.546557 sending message 105 to peer 0x558908001b40 (214 bytes)
1601256305.546576 sending message 105 to peer 0x558908001b40 (31 bytes)
1601256305.546596 sending message 105 to peer 0x558908001b40 (15 bytes)
1601256305.546614 sending message 105 to peer 0x558908001b40 (21 bytes)
1601256305.546633 sending message 105 to peer 0x558908001b40 (20 bytes)
1601256305.546653 sending message 105 to peer 0x558908001b40 (32 bytes)
1601256305.546671 sending message 105 to peer 0x558908001b40 (25 bytes)
1601256305.546715 sending message 105 to peer 0x558908001b40 (24 bytes)
1601256305.546736 sending message 105 to peer 0x558908001b40 (45 bytes)
1601256305.546755 sending message 105 to peer 0x558908001b40 (17 bytes)
1601256305.546776 sending message 105 to peer 0x558908001b40 (16 bytes)
1601256305.546796 sending message 105 to peer 0x558908001b40 (47 bytes)
1601256305.546816 sending message 105 to peer 0x558908001b40 (15 bytes)
1601256305.546834 sending message 105 to peer 0x558908001b40 (41 bytes)
1601256305.546854 sending message 105 to peer 0x558908001b40 (8 bytes)
1601256305.546874 sending message 105 to peer 0x558908001b40 (20 bytes)
1601256305.546893 sending message 105 to peer 0x558908001b40 (20 bytes)
1601256305.546912 sending message 105 to peer 0x558908001b40 (23 bytes)
1601256305.546932 sending message 105 to peer 0x558908001b40 (11 bytes)
1601256305.546952 sending message 105 to peer 0x558908001b40 (18 bytes)
1601256305.546970 sending message 105 to peer 0x558908001b40 (46 bytes)
1601256305.546990 sending message 105 to peer 0x558908001b40 (28 bytes)
1601256305.547010 sending message 105 to peer 0x558908001b40 (11 bytes)
1601256305.547032 sending message 105 to peer 0x558908001b40 (8 bytes)
1601256305.547051 sending message 105 to peer 0x558908001b40 (32 bytes)
1601256305.547071 sending message 105 to peer 0x558908001b40 (1506 bytes)
1601256305.547104 sending message 105 to peer 0x558908001b40 (30 bytes)
1601256305.547125 sending message 105 to peer 0x558908001b40 (75 bytes)
1601256305.547144 sending message 105 to peer 0x558908001b40 (12 bytes)
1601256305.547164 sending message 105 to peer 0x558908001b40 (25 bytes)
1601256305.547185 sending message 105 to peer 0x558908001b40 (41 bytes)
1601256305.547205 sending message 106 to peer 0x558908001b40 (0 bytes)
1601256305.547228 sending message 200 to peer 0x558908001b40 (4 bytes)
1601256305.547248 client loop enter
1601256305.581051 peer 0x558908001b40 message 207
1601256305.581062 sending message 208 to peer 0x558908001b40 (0 bytes)
1601256326.739269 sending message 208 to peer 0x558908001b40 (0 bytes)
1601256342.529712 peer 0x558908001b40 message 203
1601256342.529723 sending message 205 to peer 0x558908001b40 (0 bytes)
1601256342.529936 peer 0x558908001b40 message 204
1601256342.529946 client loop exit
